<testng-results>
  <reporter-output>
  </reporter-output>
  <suite name="org.nakeduml.generators" duration-ms="73" started-at="2011-03-09T15:55:17Z" finished-at="2011-03-09T15:55:17Z">
    <groups>
      <group name="quick">
        <method signature="net.sf.nakeduml.feature.DependenciesTest.testCircularity()" name="testCircularity" class="net.sf.nakeduml.feature.DependenciesTest"/>
        <method signature="net.sf.nakeduml.feature.DependenciesTest.testPhases()" name="testPhases" class="net.sf.nakeduml.feature.DependenciesTest"/>
      </group>
    </groups>
    <test name="net.sf.nakeduml.feature.DependenciesTest" duration-ms="73" started-at="2011-03-09T15:55:17Z" finished-at="2011-03-09T15:55:17Z">
      <class name="net.sf.nakeduml.feature.DependenciesTest">
        <test-method status="PASS" signature="testCircularity()" name="testCircularity" duration-ms="25" started-at="2011-03-09T15:55:17Z" finished-at="2011-03-09T15:55:17Z">
        </test-method>
        <test-method status="PASS" signature="testPhases()" name="testPhases" duration-ms="13" started-at="2011-03-09T15:55:17Z" finished-at="2011-03-09T15:55:17Z">
        </test-method>
      </class>
    </test>
  </suite>
</testng-results>
